<?xml version="1.0" encoding="UTF-8"?>
<!-- Generated by org.testng.reporters.JUnitReportReporter -->
<testsuite skipped="0" hostname="Mustafizurs-MBP.home" name="tests.test2" tests="1" failures="0" timestamp="10 Dec 2017 16:04:07 GMT" time="9.943" errors="0">
  <testcase name="createFBAccountWith18less" time="9.943" classname="tests.test2"/>
</testsuite> <!-- tests.test2 -->
