<?xml version="1.0" encoding="UTF-8"?>
<!-- Generated by org.testng.reporters.JUnitReportReporter -->
<testsuite skipped="0" hostname="Mustafizurs-MBP.fios-router.home" name="tests.test2" tests="1" failures="0" timestamp="16 Dec 2017 03:45:35 GMT" time="5.841" errors="0">
  <testcase name="createFBAccountWith18less" time="5.841" classname="tests.test2"/>
</testsuite> <!-- tests.test2 -->
