<?xml version="1.0" encoding="UTF-8"?>
<!-- Generated by org.testng.reporters.JUnitReportReporter -->
<testsuite skipped="0" hostname="Mustafizurs-MBP.fios-router.home" name="tests.test2" tests="1" failures="0" timestamp="08 Dec 2017 04:17:27 GMT" time="11.565" errors="0">
  <testcase name="createFBAccountWith18less" time="11.565" classname="tests.test2"/>
</testsuite> <!-- tests.test2 -->
