<?xml version="1.0" encoding="UTF-8"?>
<!-- Generated by org.testng.reporters.JUnitReportReporter -->
<<<<<<< HEAD
<testsuite skipped="0" hostname="Mustafizurs-MBP.fios-router.home" name="tests.test2" tests="1" failures="0" timestamp="16 Dec 2017 03:45:35 GMT" time="5.841" errors="0">
  <testcase name="createFBAccountWith18less" time="5.841" classname="tests.test2"/>
=======
<testsuite skipped="0" hostname="Mustafizurs-MBP.home" name="tests.test2" tests="1" failures="0" timestamp="10 Dec 2017 16:04:07 GMT" time="9.943" errors="0">
  <testcase name="createFBAccountWith18less" time="9.943" classname="tests.test2"/>
>>>>>>> 09078a4b046da03508ea075dfb49bf09b982ff04
</testsuite> <!-- tests.test2 -->
